<?xml version="1.0" encoding="UTF-8"?>
<!-- Generated by org.testng.reporters.JUnitReportReporter -->
<testsuite name="test.TestNGDemo2" tests="1" time="4.470" ignored="0" failures="0" timestamp="02 Jun 2019 17:40:51 GMT" skipped="0" hostname="sivaram" errors="0">
  <testcase name="googleSearch2" time="4.470" classname="test.TestNGDemo2"/>
</testsuite> <!-- test.TestNGDemo2 -->
