<?xml version="1.0" encoding="UTF-8"?>
<!-- Generated by org.testng.reporters.JUnitReportReporter -->
<testsuite name="testnggroup.TestNGGroupDemo" tests="2" time="0.016" ignored="2" failures="0" timestamp="05 Jun 2019 13:37:43 GMT" skipped="0" hostname="sivaram" errors="0">
  <testcase name="test1" time="0.014" classname="testnggroup.TestNGGroupDemo"/>
  <testcase name="test2" time="0.002" classname="testnggroup.TestNGGroupDemo"/>
  <testcase name="test3" classname="testnggroup.TestNGGroupDemo">
    <skipped/>
  </testcase> <!-- test3 -->
  <testcase name="test4" classname="testnggroup.TestNGGroupDemo">
    <skipped/>
  </testcase> <!-- test4 -->
</testsuite> <!-- testnggroup.TestNGGroupDemo -->
