<?xml version="1.0" encoding="UTF-8"?>
<!-- Generated by org.testng.reporters.JUnitReportReporter -->
<testsuite name="testngparameters.TestNGParameters" tests="1" time="0.007" ignored="0" failures="0" timestamp="05 Jun 2019 15:00:04 GMT" skipped="0" hostname="sivaram" errors="0">
  <testcase name="test" time="0.007" classname="testngparameters.TestNGParameters"/>
</testsuite> <!-- testngparameters.TestNGParameters -->
