<?xml version="1.0" encoding="UTF-8"?>
<!-- Generated by org.testng.reporters.JUnitReportReporter -->
<testsuite name="testngdependencies.TestNGDependencyDemo" tests="3" time="0.013" ignored="0" failures="0" timestamp="05 Jun 2019 15:16:11 GMT" skipped="0" hostname="sivaram" errors="0">
  <testcase name="test2" time="0.009" classname="testngdependencies.TestNGDependencyDemo"/>
  <testcase name="test1" time="0.002" classname="testngdependencies.TestNGDependencyDemo"/>
  <testcase name="test3" time="0.002" classname="testngdependencies.TestNGDependencyDemo"/>
</testsuite> <!-- testngdependencies.TestNGDependencyDemo -->
