<?xml version="1.0" encoding="UTF-8"?>
<!-- Generated by org.testng.reporters.JUnitReportReporter -->
<testsuite skipped="0" hostname="sivaram" name="com.testbanking.testCases.TC_LoginTest_001" tests="1" failures="0" timestamp="07 Jun 2019 15:59:00 GMT" time="0.207" errors="0">
  <testcase name="loginTest" time="0.207" classname="com.testbanking.testCases.TC_LoginTest_001"/>
</testsuite> <!-- com.testbanking.testCases.TC_LoginTest_001 -->
